TN:
SF:src/AgentMandate.sol
DA:77,21
FN:77,AgentMandate.constructor
FNDA:21,AgentMandate.constructor
DA:78,21
BRDA:78,0,0,0
DA:79,0
DA:81,21
DA:82,21
DA:83,21
DA:84,21
DA:85,21
DA:94,21
FN:94,AgentMandate.createMandate
FNDA:21,AgentMandate.createMandate
DA:97,21
BRDA:97,1,0,1
DA:98,20
BRDA:98,2,0,0
DA:99,20
BRDA:99,3,0,0
DA:101,20
DA:102,20
DA:103,20
BRDA:103,4,0,1
DA:104,1
DA:107,19
DA:119,19
DA:129,24
FN:129,AgentMandate.execute
FNDA:24,AgentMandate.execute
DA:130,24
DA:131,24
BRDA:131,5,0,2
DA:132,22
BRDA:132,6,0,1
DA:133,21
BRDA:133,7,0,1
DA:134,20
BRDA:134,8,0,1
DA:136,19
BRDA:136,9,0,1
DA:138,18
DA:139,18
BRDA:139,10,0,10
DA:140,10
DA:141,10
DA:143,18
BRDA:143,11,0,1
DA:144,1
DA:146,17
BRDA:146,12,0,1
DA:147,1
DA:151,16
DA:152,16
DA:154,16
DA:155,16
DA:159,4
FN:159,AgentMandate.revokeMandate
FNDA:4,AgentMandate.revokeMandate
DA:160,4
DA:161,4
BRDA:161,13,0,1
DA:162,3
DA:163,3
DA:170,2
FN:170,AgentMandate.suspendByMirror
FNDA:2,AgentMandate.suspendByMirror
DA:171,1
DA:172,1
BRDA:172,14,0,0
DA:173,1
DA:174,1
DA:175,1
DA:178,5
FN:178,AgentMandate.setMirror
FNDA:5,AgentMandate.setMirror
DA:179,5
BRDA:179,15,0,0
DA:180,5
DA:183,5
FN:183,AgentMandate.getMandate
FNDA:5,AgentMandate.getMandate
DA:184,5
DA:187,37
FN:187,AgentMandate._dayStart
FNDA:37,AgentMandate._dayStart
DA:188,37
FNF:8
FNH:8
LF:55
LH:54
BRF:16
BRH:11
end_of_record
TN:
SF:src/CVIRegistryMirror.sol
DA:34,5
FN:34,CVIRegistryMirror.constructor
FNDA:5,CVIRegistryMirror.constructor
DA:35,5
BRDA:35,0,0,0
DA:36,5
DA:37,5
DA:38,5
DA:39,5
DA:47,5
FN:47,CVIRegistryMirror.reportRevocation
FNDA:5,CVIRegistryMirror.reportRevocation
DA:51,4
DA:53,4
DA:54,4
DA:55,3
BRDA:55,1,0,2
DA:58,4
DA:59,4
DA:60,1
BRDA:60,2,0,1
DA:63,4
DA:70,1
FN:70,CVIRegistryMirror.reportReactivation
FNDA:1,CVIRegistryMirror.reportReactivation
DA:71,1
DA:72,1
DA:75,3
FN:75,CVIRegistryMirror.isRevoked
FNDA:3,CVIRegistryMirror.isRevoked
DA:76,3
DA:79,5
FN:79,CVIRegistryMirror.grantPoller
FNDA:5,CVIRegistryMirror.grantPoller
DA:80,5
FNF:5
FNH:5
LF:22
LH:22
BRF:3
BRH:2
end_of_record
TN:
SF:src/ComplianceGate.sol
DA:70,76
FN:70,ComplianceGate.constructor
FNDA:76,ComplianceGate.constructor
DA:71,76
BRDA:71,0,0,1
DA:72,75
DA:73,75
DA:74,75
DA:75,75
DA:76,75
DA:77,75
DA:78,75
DA:85,4266
FN:85,ComplianceGate.checkAndRecord
FNDA:4266,ComplianceGate.checkAndRecord
DA:86,4266
BRDA:86,1,0,1
DA:87,4265
BRDA:87,2,0,1
DA:88,4264
BRDA:88,3,0,200
DA:90,4064
DA:91,4064
BRDA:91,4,0,130
DA:98,130
DA:99,130
DA:106,3934
DA:107,3934
DA:108,33
DA:109,33
BRDA:109,5,0,8
DA:112,3926
DA:114,3926
DA:115,24
DA:126,27
FN:126,ComplianceGate.registerRule
FNDA:27,ComplianceGate.registerRule
DA:127,26
BRDA:127,6,0,0
DA:128,26
BRDA:128,7,0,1
DA:129,25
DA:130,32
BRDA:130,8,0,1
DA:132,24
DA:133,24
DA:138,3
FN:138,ComplianceGate.unregisterRule
FNDA:3,ComplianceGate.unregisterRule
DA:139,3
DA:140,3
DA:141,3
BRDA:141,9,0,2
DA:142,2
DA:143,2
DA:144,2
DA:145,2
DA:148,1
DA:153,0
FN:153,ComplianceGate.rules
FNDA:0,ComplianceGate.rules
DA:154,0
DA:157,3
FN:157,ComplianceGate.ruleCount
FNDA:3,ComplianceGate.ruleCount
DA:158,3
DA:166,4
FN:166,ComplianceGate.previewCheck
FNDA:4,ComplianceGate.previewCheck
DA:171,4
BRDA:171,10,0,0
DA:172,4
BRDA:172,11,0,0
DA:173,4
BRDA:173,12,0,0
DA:175,4
DA:176,4
BRDA:176,13,0,0
DA:178,4
DA:179,4
DA:180,3
DA:181,3
BRDA:181,14,0,1
DA:183,3
DA:189,14
FN:189,ComplianceGate.isCompliant
FNDA:14,ComplianceGate.isCompliant
DA:190,14
DA:193,1
FN:193,ComplianceGate.setLimits
FNDA:1,ComplianceGate.setLimits
DA:194,1
DA:195,1
DA:196,1
DA:199,75
FN:199,ComplianceGate.grantCaller
FNDA:75,ComplianceGate.grantCaller
DA:200,75
DA:203,4064
FN:203,ComplianceGate._rollWindowIfNeeded
FNDA:4064,ComplianceGate._rollWindowIfNeeded
DA:204,4064
DA:205,4064
BRDA:205,15,0,11
DA:206,11
DA:207,11
DA:208,11
DA:212,4143
FN:212,ComplianceGate._dayStart
FNDA:4143,ComplianceGate._dayStart
DA:213,4143
FNF:12
FNH:11
LF:71
LH:69
BRF:16
BRH:11
end_of_record
TN:
SF:src/LegateEscrow.sol
DA:87,70
FN:87,LegateEscrow.constructor
FNDA:70,LegateEscrow.constructor
DA:88,70
BRDA:88,0,0,0
DA:89,70
DA:90,70
DA:91,70
DA:98,83
FN:98,LegateEscrow.initiate
FNDA:83,LegateEscrow.initiate
DA:99,83
BRDA:99,1,0,0
DA:105,83
DA:107,71
DA:109,71
DA:118,71
DA:122,71
DA:124,71
DA:134,17
FN:134,LegateEscrow.settle
FNDA:17,LegateEscrow.settle
DA:135,16
DA:136,16
BRDA:136,2,0,2
DA:137,14
BRDA:137,3,0,1
DA:139,13
DA:146,13
DA:147,13
DA:150,13
DA:151,13
DA:152,13
DA:154,13
DA:155,12
BRDA:155,4,0,4
DA:156,4
DA:159,12
DA:167,3
FN:167,LegateEscrow.freezeByMirror
FNDA:3,LegateEscrow.freezeByMirror
DA:168,3
DA:169,3
BRDA:169,5,0,1
DA:170,2
DA:171,2
DA:172,2
DA:177,3
FN:177,LegateEscrow.freeze
FNDA:3,LegateEscrow.freeze
DA:178,2
DA:179,2
BRDA:179,6,0,0
DA:180,2
DA:181,2
DA:186,1
FN:186,LegateEscrow.refundFrozen
FNDA:1,LegateEscrow.refundFrozen
DA:187,1
DA:188,1
BRDA:188,7,0,0
DA:190,1
DA:191,1
DA:192,1
DA:194,1
DA:211,6
FN:211,LegateEscrow.reclaimExpired
FNDA:6,LegateEscrow.reclaimExpired
DA:212,6
DA:213,6
BRDA:213,8,0,2
DA:214,4
BRDA:214,9,0,1
DA:215,3
BRDA:215,10,0,1
DA:217,2
DA:218,2
DA:219,2
DA:221,2
DA:228,16
FN:228,LegateEscrow.settleFromMandate
FNDA:16,LegateEscrow.settleFromMandate
DA:234,16
BRDA:234,11,0,0
DA:235,16
DA:237,16
DA:241,16
DA:242,16
DA:244,16
DA:254,16
DA:255,16
BRDA:255,12,0,0
DA:256,0
DA:259,16
DA:260,16
DA:265,70
FN:265,LegateEscrow.setComplianceGate
FNDA:70,LegateEscrow.setComplianceGate
DA:266,70
BRDA:266,13,0,0
DA:267,70
DA:268,70
DA:271,5
FN:271,LegateEscrow.setMirror
FNDA:5,LegateEscrow.setMirror
DA:272,5
BRDA:272,14,0,0
DA:273,5
DA:276,21
FN:276,LegateEscrow.setMandate
FNDA:21,LegateEscrow.setMandate
DA:277,21
BRDA:277,15,0,0
DA:278,21
DA:288,3
FN:288,LegateEscrow.sweepSurplus
FNDA:3,LegateEscrow.sweepSurplus
DA:289,3
BRDA:289,16,0,0
DA:290,3
DA:291,3
BRDA:291,17,0,1
DA:292,2
DA:295,22
FN:295,LegateEscrow.setFeeConfig
FNDA:22,LegateEscrow.setFeeConfig
DA:296,22
BRDA:296,18,0,0
DA:297,22
DA:298,22
DA:299,22
DA:302,19
FN:302,LegateEscrow.getPayment
FNDA:19,LegateEscrow.getPayment
DA:303,19
FNF:14
FNH:14
LF:88
LH:87
BRF:19
BRH:8
end_of_record
TN:
SF:src/TravelRuleAnchor.sol
DA:39,7
FN:39,TravelRuleAnchor.constructor
FNDA:7,TravelRuleAnchor.constructor
DA:40,7
BRDA:40,0,0,1
DA:41,6
DA:42,6
DA:43,6
DA:50,6
FN:50,TravelRuleAnchor.anchor
FNDA:6,TravelRuleAnchor.anchor
DA:51,5
BRDA:51,1,0,1
DA:52,4
DA:53,4
BRDA:53,2,0,2
DA:54,2
DA:55,2
DA:58,1
FN:58,TravelRuleAnchor.getAnchor
FNDA:1,TravelRuleAnchor.getAnchor
DA:59,1
DA:62,0
FN:62,TravelRuleAnchor.grantAnchor
FNDA:0,TravelRuleAnchor.grantAnchor
DA:63,0
FNF:4
FNH:3
LF:15
LH:13
BRF:3
BRH:3
end_of_record
TN:
SF:src/rules/StructuringRule.sol
DA:59,9
FN:59,StructuringRule.constructor
FNDA:9,StructuringRule.constructor
DA:65,9
BRDA:65,0,0,0
DA:69,9
BRDA:69,1,0,3
DA:70,3
DA:72,6
DA:73,6
DA:74,6
DA:75,6
DA:85,25
FN:85,StructuringRule.check
FNDA:25,StructuringRule.check
DA:90,25
DA:93,25
BRDA:93,2,0,1
DA:94,1
DA:97,24
DA:98,24
DA:100,24
BRDA:100,3,0,2
DA:101,2
DA:103,22
DA:107,22
FN:107,StructuringRule.record
FNDA:22,StructuringRule.record
DA:108,22
BRDA:108,4,0,1
DA:110,21
DA:111,21
DA:113,21
BRDA:113,5,0,1
BRDA:113,5,1,20
DA:114,1
DA:115,1
DA:116,1
DA:118,20
DA:119,20
DA:124,5
FN:124,StructuringRule.name
FNDA:5,StructuringRule.name
DA:125,5
DA:130,4
FN:130,StructuringRule.activityFor
FNDA:4,StructuringRule.activityFor
DA:135,4
DA:136,4
BRDA:136,6,0,0
DA:137,4
DA:140,50
FN:140,StructuringRule._key
FNDA:50,StructuringRule._key
DA:141,50
FNF:6
FNH:6
LF:35
LH:35
BRF:8
BRH:6
end_of_record
